\BOOKMARK [1][-]{section.1}{Etude des solutions d'architecture}{}% 1
\BOOKMARK [2][-]{subsection.1.1}{Sc\351nario d'Urbanisation du SI}{section.1}% 2
\BOOKMARK [3][-]{subsubsection.1.1.1}{Lignes directrices du projet}{subsection.1.1}% 3
\BOOKMARK [3][-]{subsubsection.1.1.2}{Architecture \046 Service h\351berg\351s}{subsection.1.1}% 4
\BOOKMARK [3][-]{subsubsection.1.1.3}{Infrastructure de support technique}{subsection.1.1}% 5
\BOOKMARK [3][-]{subsubsection.1.1.4}{Architecture pour le site central}{subsection.1.1}% 6
\BOOKMARK [3][-]{subsubsection.1.1.5}{Architecture pour laboratoire \046 Usine}{subsection.1.1}% 7
\BOOKMARK [3][-]{subsubsection.1.1.6}{Nouveaux services envisag\351s}{subsection.1.1}% 8
\BOOKMARK [2][-]{subsection.1.2}{Robustesse et tol\351rance aux incidents}{section.1}% 9
\BOOKMARK [3][-]{subsubsection.1.2.1}{Mode d\351grad\351}{subsection.1.2}% 10
\BOOKMARK [3][-]{subsubsection.1.2.2}{R\351plication G\351ographique}{subsection.1.2}% 11
\BOOKMARK [2][-]{subsection.1.3}{Impact organisationnel}{section.1}% 12
\BOOKMARK [2][-]{subsection.1.4}{Sc\351nario de d\351ploiement d'un ERP}{section.1}% 13
\BOOKMARK [3][-]{subsubsection.1.4.1}{Pr\351sentation de la solution}{subsection.1.4}% 14
\BOOKMARK [3][-]{subsubsection.1.4.2}{Ressources n\351cessaires}{subsection.1.4}% 15
\BOOKMARK [3][-]{subsubsection.1.4.3}{Gestion du changement}{subsection.1.4}% 16
\BOOKMARK [2][-]{subsection.1.5}{Aspect financier}{section.1}% 17
\BOOKMARK [3][-]{subsubsection.1.5.1}{Conclusion}{subsection.1.5}% 18
\BOOKMARK [2][-]{subsection.1.6}{Conclusion}{section.1}% 19
\BOOKMARK [1][-]{section.2}{Crit\350res}{}% 20
\BOOKMARK [2][-]{subsection.2.1}{INTRODUCTION}{section.2}% 21
\BOOKMARK [2][-]{subsection.2.2}{M\311THODE D'\311VALUATION DES CRIT\310RES}{section.2}% 22
\BOOKMARK [2][-]{subsection.2.3}{LISTE DES CRIT\310RES}{section.2}% 23
\BOOKMARK [3][-]{subsubsection.2.3.1}{RENTABILIT\311}{subsection.2.3}% 24
\BOOKMARK [3][-]{subsubsection.2.3.2}{D\311PLOIEMENT}{subsection.2.3}% 25
\BOOKMARK [3][-]{subsubsection.2.3.3}{AUTRES}{subsection.2.3}% 26
\BOOKMARK [3][-]{subsubsection.2.3.4}{Satisfaction des Objectifs}{subsection.2.3}% 27
\BOOKMARK [3][-]{subsubsection.2.3.5}{\311valuation des Solutions}{subsection.2.3}% 28
