\BOOKMARK [1][-]{section.1}{Objet et contexte du projet}{}% 1
\BOOKMARK [2][-]{subsection.1.1}{Objet du projet}{section.1}% 2
\BOOKMARK [2][-]{subsection.1.2}{Contexte du projet}{section.1}% 3
\BOOKMARK [1][-]{section.2}{Livrables}{}% 4
\BOOKMARK [2][-]{subsection.2.1}{Livrables de gestion de projet}{section.2}% 5
\BOOKMARK [3][-]{subsubsection.2.1.1}{Dossier d'initialisation}{subsection.2.1}% 6
\BOOKMARK [2][-]{subsection.2.2}{Dossier de production}{section.2}% 7
\BOOKMARK [3][-]{subsubsection.2.2.1}{Document de synth\350se}{subsection.2.2}% 8
\BOOKMARK [3][-]{subsubsection.2.2.2}{Document d'annexes}{subsection.2.2}% 9
\BOOKMARK [3][-]{subsubsection.2.2.3}{Document de synth\350se de la veille technologique}{subsection.2.2}% 10
\BOOKMARK [1][-]{section.3}{Organisation et ressources}{}% 11
\BOOKMARK [2][-]{subsection.3.1}{Ressources}{section.3}% 12
\BOOKMARK [2][-]{subsection.3.2}{Outils de communication utilis\351s}{section.3}% 13
\BOOKMARK [3][-]{subsubsection.3.2.1}{Mails}{subsection.3.2}% 14
\BOOKMARK [3][-]{subsubsection.3.2.2}{Dossier Google Docs}{subsection.3.2}% 15
\BOOKMARK [2][-]{subsection.3.3}{Outils de travail}{section.3}% 16
\BOOKMARK [1][-]{section.4}{Activit\351s, t\342ches et planification}{}% 17
\BOOKMARK [1][-]{section.5}{Proc\351dures de gestion de projet}{}% 18
\BOOKMARK [1][-]{section.6}{Analyse des risques}{}% 19
\BOOKMARK [1][-]{section.7}{Annexe}{}% 20
\BOOKMARK [2][-]{subsection.7.1}{Diagramme de Gantt pr\351visionnel}{section.7}% 21
